<?xml version="1.0" encoding="UTF-8"?>
<testng-results ignored="0" total="1" passed="1" failed="0" skipped="0">
  <reporter-output>
  </reporter-output>
  <suite started-at="2022-07-10T14:55:32 PDT" name="Default suite" finished-at="2022-07-10T14:56:38 PDT" duration-ms="65648">
    <groups>
      <group name="cucumber">
        <method signature="AbstractTestNGCucumberTests.feature(cucumber.api.testng.CucumberFeatureWrapper)[pri:0, instance:com.bool.TestRunnerb.TestRunnerbool@3d1cfad4]" name="feature" class="cucumber.api.testng.AbstractTestNGCucumberTests"/>
      </group> <!-- cucumber -->
    </groups>
    <test started-at="2022-07-10T14:55:32 PDT" name="Default test" finished-at="2022-07-10T14:56:38 PDT" duration-ms="65648">
      <class name="com.bool.TestRunnerb.TestRunnerbool">
        <test-method is-config="true" signature="openURL()[pri:0, instance:com.bool.TestRunnerb.TestRunnerbool@3d1cfad4]" started-at="2022-07-10T14:55:32 PDT" name="openURL" finished-at="2022-07-10T14:55:48 PDT" duration-ms="15306" status="PASS">
          <reporter-output>
          </reporter-output>
        </test-method> <!-- openURL -->
        <test-method is-config="true" signature="setUpClass()[pri:0, instance:com.bool.TestRunnerb.TestRunnerbool@3d1cfad4]" started-at="2022-07-10T14:55:48 PDT" name="setUpClass" finished-at="2022-07-10T14:55:49 PDT" duration-ms="1597" status="PASS">
          <reporter-output>
          </reporter-output>
        </test-method> <!-- setUpClass -->
        <test-method signature="feature(cucumber.api.testng.CucumberFeatureWrapper)[pri:0, instance:com.bool.TestRunnerb.TestRunnerbool@3d1cfad4]" started-at="2022-07-10T14:55:50 PDT" name="feature" description="Runs Cucumber Feature" data-provider="features" finished-at="2022-07-10T14:56:36 PDT" duration-ms="46190" status="PASS">
          <params>
            <param index="0">
              <value>
                <![CDATA[This is dell signin functionality]]>
              </value>
            </param>
          </params>
          <reporter-output>
          </reporter-output>
        </test-method> <!-- feature -->
        <test-method is-config="true" signature="tearDownClass()[pri:0, instance:com.bool.TestRunnerb.TestRunnerbool@3d1cfad4]" started-at="2022-07-10T14:56:36 PDT" name="tearDownClass" finished-at="2022-07-10T14:56:36 PDT" duration-ms="20" status="PASS">
          <reporter-output>
          </reporter-output>
        </test-method> <!-- tearDownClass -->
        <test-method is-config="true" signature="closeURL()[pri:0, instance:com.bool.TestRunnerb.TestRunnerbool@3d1cfad4]" started-at="2022-07-10T14:56:36 PDT" name="closeURL" finished-at="2022-07-10T14:56:38 PDT" duration-ms="1574" status="PASS">
          <reporter-output>
          </reporter-output>
        </test-method> <!-- closeURL -->
      </class> <!-- com.bool.TestRunnerb.TestRunnerbool -->
    </test> <!-- Default test -->
  </suite> <!-- Default suite -->
</testng-results>
